<?xml version="1.0" encoding="UTF-8"?>
<!-- Generated by org.testng.reporters.JUnitXMLReporter -->
<testsuite hostname="PavilionLYX-PC" name="Default test" tests="3" failures="0" timestamp="26 Feb 2016 07:49:20 GMT" time="50.744" errors="0">
  <testcase name="testAdvanceSettingsAty" time="4.961" classname="com.gruc.testcases.TestEntrance"/>
  <testcase name="testLoginAty" time="25.871" classname="com.gruc.testcases.TestEntrance"/>
  <testcase name="testLogout" time="4.229" classname="com.gruc.testcases.TestEntrance"/>
</testsuite> <!-- Default test -->
