<?xml version="1.0" encoding="UTF-8"?>
<!-- Generated by org.testng.reporters.JUnitXMLReporter -->
<testsuite hostname="PavilionLYX-PC" name="Test" tests="3" failures="0" timestamp="26 Feb 2016 07:55:58 GMT" time="51.63" errors="0">
  <testcase name="testAdvanceSettingsAty" time="4.269" classname="com.gruc.testcases.TestEntrance"/>
  <testcase name="testLoginAty" time="26.963" classname="com.gruc.testcases.TestEntrance"/>
  <testcase name="testLogout" time="4.54" classname="com.gruc.testcases.TestEntrance"/>
</testsuite> <!-- Test -->
